023e0141017e7f
023e0141
017e7f
021a87a3
037f1a10ac
02213d60
14613df4f6ece4fe00fafcfa00e60000000000000040								//Read Settings
02212043
06612009ba0c84da
02210e31
12610e7373747474746c6c707030303030353519
02213255
1a61327374746c703030357374686c6530313634313433202020207c					
02212447
0361240189
023e0141
017e7f
023e0141
017e7f
023e0141
017e7f
023e0141
017e7f
023e0141
017e7f
023e0141017e7f
021a87a3
037f1a10ac
1431dff4f6ece4fe00fafcfa00e600000000000000b20271df52				//Write 2 Way
0a31d553453030372020209f
0271d548
0330c1f0e4	//Write command
0270c133
023e0141
017e7f
023e0141
017e7f
023e0141
017e7f
023e0141
017e7f
023e0141
017e7f
021a87a3
037f1a10ac
1431dff4f6ece4fe00fafcfa00e600000000000000b20271df52				//Write 3 way	
0a31d553453030372020209f
0271d548
0330c1fff3	//Write Command
0270c133
023e0141
017e7f
023e0141017e7f
023e0141
017e7f
023e0141
017e7f
023e0141
017e7f
023e0141
017e7f


023e0141
017e7f
023e0141
017e7f
023e0141
017e7f
023e0141
017e7f
021a87a3
037f1a10ac	
1431dff4f6ece4fe00fafcfa00e600000000000000b20271df52			//Write 2 way
0a31d553453030372020209f
0271d548
0330c1f0e4
0270c133
023e0141
017e7f
023e0141
017e7f
023e0141017e7f