
00
8113f7810c
03c1578faa
0210a0b2
015051
0227012a
0467018c0800
042702e6475a
0267026b
023e0141		//Init Inputs
017e7f
02211e41
04611e01e064
02213659
04613600009b
02211e41
04611e01e064
02213659
04613600009b


Transfer Ratio (Pin A33):
00000010 00100001 00011110 01000001
00000100 01100001 00011110 00000001 1(1)100000 01100100
00000010 00100001 00110110 01011001
00000100 01100001 00110110 00000000 00000000 10011011

Brake 2 (Normally Open, Pin B10):
00000010 00100001 00011110 01000001
00000100 01100001 00011110 0000000(1) 11100000 01100100
00000010 00100001 00110110 01011001
00000100 01100001 00110110 00000000 00000000 10011011

Brake 1 (Normally Open, Pin B16):
00000010 00100001 00011110 01000001
00000100 01100001 00011110 00000001 (1)1100000 01100100
00000010 00100001 00110110 01011001
00000100 01100001 00110110 00000000 00000000 10011011

Clutch Switch (Pin B35):
00000010 00100001 00011110 01000001
00000100 01100001 00011110 000000(0)1 11100000 01100100
00000010 00100001 00110110 01011001
00000100 01100001 00110110 00000000 00000000 10011011

Cruise Cntrol Master (Pin B15):
00000010 00100001 00011110 01000001
00000100 01100001 00011110 00000(0)01 11100000 01100100
00000010 00100001 00110110 01011001
00000100 01100001 00110110 00000000 00000000 10011011

Cruise Cntrol Resume (Pin B17):
00000010 00100001 00011110 01000001
00000100 01100001 00011110 000(0)0001 11100000 01100100
00000010 00100001 00110110 01011001
00000100 01100001 00110110 00000000 00000000 10011011

Cruise Set/Accelerate (Pin B11):
00000010 00100001 00011110 01000001
00000100 01100001 00011110 0000(0)001 11100000 01100100
00000010 00100001 00110110 01011001
00000100 01100001 00110110 00000000 00000000 10011011

AC Clutch REQ (Pin B9):
00000010 00100001 00011110 01000001
00000100 01100001 00011110 00000001 1110(0)000 01100100
00000010 00100001 00110110 01011001
00000100 01100001 00110110 00000000 00000000 10011011

AC Fan REQ (Pin B23):
00000010 00100001 00011110 01000001
00000100 01100001 00011110 00000001 11100(0)00 01100100
00000010 00100001 00110110 01011001
00000100 01100001 00110110 00000000 00000000 10011011
