
02214063										//Power Balance
0c614000000000000000000000ad			
02212346										//Ambien Pressures
066123271004d59a
0221375a										//EGR Modulation?
04613700009c
0221385b										//EGR Inlet?
04613800009d
0221385b										//Why ask the same again?
04613800009d
02211033										//Battery Voltage
06611036c636d881
0221092c										//RPM
04610900006e
02210d30										//Vehicle Speed
03610d0071
02211a3d										//Get Temperatures			
12611a0dfe13880f5c1388108800000d0413887d
02211b3e										//Throttle
0a611b0000138800001382b6
02211c3f										//Pressures
0a611c2710ff5b0029000546
02212144										//RPM Error
046121fd1c9f
02214063										//Loop starts again
0c614000000000000000000000ad
02212346
066123271004cb90
0221375a
04613700009c
0221385b
04613800009d
0221385b
04613800009d
02211033
06611036e636f8c1
0221092c
04610900006e
02210d30
03610d0071
02211a3d
12611a0dfe13880f5c1388108800090d04138886
02211b3e
0a611b0000138800001388bc
02211c3f
0a611c2710ff5b0029000041
02212144
046121fd1c9f
02214063
0c614000000000000000000000ad
02212346
066123271004d59a
0221375a
04613700009c
0221385b
04613800009d
0221385b
04613800009d
02211033
06611036c736d882
0221092c
04610900006e
02210d30
03610d0071
02211a3d
12611a0dfe13880f5c1388108800000d0413887d
02211b3e
0a611b0000138800001382b6
02211c3f
0a611c2710ff5b0029000041
02212144
046121fd1c9f
02214063
0c614000000000000000000000ad
02212346
066123271004cb90
0221375a
04613700009c
0221385b
04613800009d
0221385b
04613800009d
02211033
06611036a736b842
0221092c
04610900006e
02210d30
03610d0071
02211a3d
12611a0dfe13880f5c13881088000e0d0413888b
02211b3e
0a611b0000138800001388bc
02211c3f
0a611c2710ff5b0029000041
02212144
046121fd1c9f
02214063
0c614000000000000000000000ad
02212346
066123271004cb90
0221375a
04613700009c
0221385b
04613800009d
0221385b
04613800009d
02211033
06611036a736b842
0221092c
04610900006e
02210d30
03610d0071
02211a3d
12611a0dfe13880f5c1388108800040d04138881
02211b3e
0a611b0000138800001382b6
02211c3f
0a611c2710ff5b0029000041
02212144
046121fd1c9f
02214063
0c614000000000000000000000ad
02212346
066123271004d59a
0221375a
04613700009c
0221385b
04613800009d
0221385b
04613800009d
02211033
06611036a736b842
0221092c
04610900006e
02210d30
03610d0071
02211a3d
12611a0dfe13880f5c1388108800040d04138881
02211b3e
0a611b0000138800001382b6
02211c3f
0a611c2710ff5b0029000546
02212144
046121fd1c9f
02214063
0c614000000000000000000000ad
02212346
066123271004d59a
0221375a
04613700009c
0221385b
04613800009d
0221385b
04613800009d
02211033
06611036a636b841
0221092c
04610900006e
02210d30
03610d0071
02211a3d
12611a0dfe13880f5c1388108800040d04138881
02211b3e
0a611b0000138800001382b6
02211c3f
0a611c2710ff5b0029000041
02212144
046121fd1c9f
02214063
0c614000000000000000000000ad
02212346
066123271004cb90
0221375a
04613700009c
0221385b
04613800009d
0221385b
04613800009d
02211033
06611036683679c4
0221092c
04610900006e
02210d30
03610d0071
02211a3d
12611a0dfe13880f5c1388108800040d04138881
02211b3e
0a611b0000138800001382b6
02211c3f
0a611c2710ff5b0029000041
02212144
046121fd1c9f
02214063
0c614000000000000000000000ad
02212346
066123271004d59a
0221375a
04613700009c
0221385b
04613800009d
0221385b
04613800009d
02211033
0661103688369904
0221092c
04610900006e
02210d30
03610d0071
02211a3d
12611a0dfe13880f5c1388108800090d04138886
02211b3e
0a611b0000138800001382b6
02211c3f
0a611c2710ff5b0029000041
02212144
046121fd1c9f
02214063
0c614000000000000000000000ad
02212346
066123271004cb90
0221375a
04613700009c
0221385b
04613800009d
0221385b
04613800009d
02211033
0661103688369904
