
00
8113f7810c
03c1578faa
0210a0b2
015051
0227012a
04670171d4b1
042702ace3bc0267026b
023e0141
017e7f
0330a3ffd5		//Test AC Clutch
0270a315
023e0141
017e7f
023e0141
017e7f
023e0141
017e7f
023e0141
017e7f
023e0141
017e7f
023e0141
017e7f
023e0141
017e7f
023e0141
017e7f
023e0141
017e7f
023e0141
017e7f
023e0141
017e7f
023e0141
017e7f
023e0141
017e7f
023e0141
017e7f
0330a3ffd5		//Test AC Clutch
0270a315
023e0141
017e7f
023e0141
017e7f
0330a4ffd6		//Test AC Fan
0270a416
023e0141
017e7f
023e0141
017e7f
0330a2ffd4		//Test MIL Lamp
0270a214
023e0141
017e7f
023e0141
017e7f
0330a1ffd3		//Test Fuel Pump
0270a113
023e0141
017e7f
023e0141
017e7f
0330b3ffe5		//Test Glow Plugs
0270b325
023e0141
017e7f
023e0141
017e7f
023e0141
017e7f
0330b7ffe9				//Test Pulse Rev Counter
0270b729
023e0141
017e7f
023e0141
017e7f
0730beff000a138899		//Test Turbo Wastegate Modulator
0270be30
023e0141
017e7f
023e0141
017e7f
0330baffec				//Test Temperature Gauge
0270ba2c		
023e0141
017e7f
023e0141
017e7f
0730bdff00fa138888		//Test EGR Inlet Modulator
0270bd2f
023e0141
017e7f
023e0141
017e7f
023e0141
017e7f
0331c201f7		//Test Injector 1
0271c235
023e0141
017e7f
023e0141
017e7f
0331c202f8		//Test Injector 2
0271c235
023e0141
017e7f
023e0141
017e7f
0331c203f9		//Test Injector 3
0271c235
023e0141
017e7f
023e0141
017e7f
0331c204fa		//Test Injector 4
0271c235
023e0141
017e7f
023e0141
017e7f
023e0141
017e7f
0331c205fb		//Test Injector 5
0271c235
023e0141
017e7f
023e0141
017e7f
023e0141
017e7f
012021
016061
01828301c2c3
