
00
8113f7810c03c1578faa
0210a0b2015051
0227012a
0467013021bd
0427020c0942
0267026b
021a87a3
037f1a10ac
02213d60													#Get ¿?
14613df4f6ece4fe00fafcfa00e60000000000000040
02212043													#Get ¿?
06612009ba0c84da						
02210e31													#Get Map Variant
12610e7373747474746c6c707030303030353519
02213255													#Get Map Variant, Fuel Variant, Homologation
1a61327374746c703030357374686c6530313634313433202020207c
02212447
0361240189
023e0141
017e7f
023e0141
017e7f
023e0141
017e7f
023e0141
017e7f
023e0141017e7f
023e0141
017e7f
023e0141017e7f
